#! /usr/share/iverilog-0.9.7/bin/vvp
:ivl_version "0.9.7 " "(v0_9_6)";
:vpi_time_precision + 0;
:vpi_module "system";
:vpi_module "v2005_math";
:vpi_module "va_math";
S_0x177a480 .scope module, "tb_full_subtractor" "tb_full_subtractor" 2 3;
 .timescale 0 0;
v0x178f630_0 .var "A", 0 0;
v0x178f6d0_0 .var "B", 0 0;
v0x178f780_0 .var "Bin", 0 0;
v0x178f830_0 .net "Bout", 0 0, L_0x1790020; 1 drivers
v0x178f910_0 .net "S", 0 0, L_0x178fa40; 1 drivers
S_0x177a570 .scope module, "fs" "full_subtractor" 2 11, 3 2, S_0x177a480;
 .timescale 0 0;
L_0x178f400 .functor XOR 1, v0x178f630_0, v0x178f6d0_0, C4<0>, C4<0>;
L_0x178fa40 .functor XOR 1, L_0x178f400, v0x178f780_0, C4<0>, C4<0>;
L_0x178fb90 .functor NOT 1, v0x178f630_0, C4<0>, C4<0>, C4<0>;
L_0x178fbf0 .functor AND 1, L_0x178fb90, v0x178f6d0_0, C4<1>, C4<1>;
L_0x178fca0 .functor AND 1, L_0x178fbf0, v0x178f780_0, C4<1>, C4<1>;
L_0x178fd50 .functor NOT 1, v0x178f6d0_0, C4<0>, C4<0>, C4<0>;
L_0x178fe40 .functor AND 1, v0x178f630_0, L_0x178fd50, C4<1>, C4<1>;
L_0x178ff30 .functor AND 1, L_0x178fe40, v0x178f780_0, C4<1>, C4<1>;
L_0x1790020 .functor OR 1, L_0x178fca0, L_0x178ff30, C4<0>, C4<0>;
v0x177a660_0 .net "A", 0 0, v0x178f630_0; 1 drivers
v0x178ede0_0 .net "B", 0 0, v0x178f6d0_0; 1 drivers
v0x178ee80_0 .net "Bin", 0 0, v0x178f780_0; 1 drivers
v0x178ef20_0 .alias "Bout", 0 0, v0x178f830_0;
v0x178efd0_0 .alias "S", 0 0, v0x178f910_0;
v0x178f070_0 .net *"_s0", 0 0, L_0x178f400; 1 drivers
v0x178f150_0 .net *"_s10", 0 0, L_0x178fd50; 1 drivers
v0x178f1f0_0 .net *"_s12", 0 0, L_0x178fe40; 1 drivers
v0x178f2e0_0 .net *"_s14", 0 0, L_0x178ff30; 1 drivers
v0x178f380_0 .net *"_s4", 0 0, L_0x178fb90; 1 drivers
v0x178f480_0 .net *"_s6", 0 0, L_0x178fbf0; 1 drivers
v0x178f520_0 .net *"_s8", 0 0, L_0x178fca0; 1 drivers
    .scope S_0x177a480;
T_0 ;
    %vpi_call 2 14 "$dumpfile", "full_subtractor.vcd";
    %vpi_call 2 15 "$dumpvars", 1'sb0, S_0x177a480;
    %set/v v0x178f630_0, 0, 1;
    %set/v v0x178f6d0_0, 0, 1;
    %set/v v0x178f780_0, 0, 1;
    %delay 10, 0;
    %set/v v0x178f630_0, 0, 1;
    %set/v v0x178f6d0_0, 0, 1;
    %set/v v0x178f780_0, 1, 1;
    %delay 10, 0;
    %set/v v0x178f630_0, 0, 1;
    %set/v v0x178f6d0_0, 1, 1;
    %set/v v0x178f780_0, 0, 1;
    %delay 10, 0;
    %set/v v0x178f630_0, 0, 1;
    %set/v v0x178f6d0_0, 1, 1;
    %set/v v0x178f780_0, 1, 1;
    %delay 10, 0;
    %set/v v0x178f630_0, 1, 1;
    %set/v v0x178f6d0_0, 0, 1;
    %set/v v0x178f780_0, 0, 1;
    %delay 10, 0;
    %set/v v0x178f630_0, 1, 1;
    %set/v v0x178f6d0_0, 0, 1;
    %set/v v0x178f780_0, 1, 1;
    %delay 10, 0;
    %set/v v0x178f630_0, 1, 1;
    %set/v v0x178f6d0_0, 1, 1;
    %set/v v0x178f780_0, 0, 1;
    %delay 10, 0;
    %set/v v0x178f630_0, 1, 1;
    %set/v v0x178f6d0_0, 1, 1;
    %set/v v0x178f780_0, 1, 1;
    %delay 10, 0;
    %vpi_call 2 25 "$finish";
    %end;
    .thread T_0;
# The file index is used to find the file name in the following table.
:file_names 4;
    "N/A";
    "<interactive>";
    "testbench.sv";
    "design.sv";
